<?xml version="1.0" encoding="UTF-8"?>
<!-- Generated by org.testng.reporters.JUnitXMLReporter -->
<testsuite hostname="RENJUPC" ignored="0" name="Test" tests="3" failures="0" timestamp="07 Oct 2018 06:22:53 GMT" time="30.509" errors="0">
  <testcase name="validateGoogleId" time="23.971" classname="com.renju.training.jenkins.SampleSeleniumTest"/>
  <testcase name="addTest" time="0.002" classname="com.renju.training.jenkins.JenkinsCalcTest"/>
  <testcase name="subtractTest" time="0.001" classname="com.renju.training.jenkins.JenkinsCalcTest"/>
</testsuite> <!-- Test -->
