<?xml version="1.0" encoding="UTF-8"?>
<!-- Generated by org.testng.reporters.JUnitXMLReporter -->
<testsuite hostname="RENJUPC" ignored="0" name="Command line test" tests="3" failures="0" timestamp="07 Oct 2018 09:25:18 GMT" time="62.677" errors="0">
  <testcase name="addTest" time="0.067" classname="com.renju.training.jenkins.JenkinsCalcTest"/>
  <testcase name="subtractTest" time="0.001" classname="com.renju.training.jenkins.JenkinsCalcTest"/>
  <testcase name="validateGoogleId" time="44.786" classname="com.renju.training.jenkins.SampleSeleniumTest"/>
</testsuite> <!-- Command line test -->
