<?xml version="1.0" encoding="UTF-8"?>
<testng-results skipped="0" failed="0" ignored="0" total="3" passed="3">
  <reporter-output>
  </reporter-output>
  <suite name="Suite" duration-ms="30509" started-at="2018-10-07T06:22:22Z" finished-at="2018-10-07T06:22:53Z">
    <groups>
    </groups>
    <test name="Test" duration-ms="30509" started-at="2018-10-07T06:22:22Z" finished-at="2018-10-07T06:22:53Z">
      <class name="com.renju.training.jenkins.JenkinsCalcTest">
        <test-method status="PASS" signature="addTest()[pri:0, instance:com.renju.training.jenkins.JenkinsCalcTest@3a8624]" name="addTest" duration-ms="2" started-at="2018-10-07T06:22:53Z" finished-at="2018-10-07T06:22:53Z">
          <reporter-output>
          </reporter-output>
        </test-method> <!-- addTest -->
        <test-method status="PASS" signature="subtractTest()[pri:0, instance:com.renju.training.jenkins.JenkinsCalcTest@3a8624]" name="subtractTest" duration-ms="1" started-at="2018-10-07T06:22:53Z" finished-at="2018-10-07T06:22:53Z">
          <reporter-output>
          </reporter-output>
        </test-method> <!-- subtractTest -->
      </class> <!-- com.renju.training.jenkins.JenkinsCalcTest -->
      <class name="com.renju.training.jenkins.SampleSeleniumTest">
        <test-method status="PASS" signature="startBrowser()[pri:0, instance:com.renju.training.jenkins.SampleSeleniumTest@1ce4f0a]" name="startBrowser" is-config="true" duration-ms="5812" started-at="2018-10-07T06:22:22Z" finished-at="2018-10-07T06:22:28Z">
          <reporter-output>
          </reporter-output>
        </test-method> <!-- startBrowser -->
        <test-method status="PASS" signature="validateGoogleId()[pri:0, instance:com.renju.training.jenkins.SampleSeleniumTest@1ce4f0a]" name="validateGoogleId" duration-ms="23971" started-at="2018-10-07T06:22:28Z" finished-at="2018-10-07T06:22:52Z">
          <reporter-output>
          </reporter-output>
        </test-method> <!-- validateGoogleId -->
        <test-method status="PASS" signature="closeBrowser()[pri:0, instance:com.renju.training.jenkins.SampleSeleniumTest@1ce4f0a]" name="closeBrowser" is-config="true" duration-ms="682" started-at="2018-10-07T06:22:52Z" finished-at="2018-10-07T06:22:53Z">
          <reporter-output>
          </reporter-output>
        </test-method> <!-- closeBrowser -->
      </class> <!-- com.renju.training.jenkins.SampleSeleniumTest -->
    </test> <!-- Test -->
  </suite> <!-- Suite -->
</testng-results>
